L 705380,8
S 20705380,8
L 705388,8
S 20705388,8
L 705480,8
S 20705390,8
L 705488,8
S 20705398,8
L 705390,8
S 207053a0,8
L 705398,8
S 207053a8,8
L 705490,8
S 207053b0,8
L 705498,8
S 207053b8,8
L 705580,8
S 207053c0,8
L 705588,8
S 207053c8,8
L 705680,8
S 207053d0,8
L 705688,8
S 207053d8,8
L 705590,8
S 207053e0,8
L 705598,8
S 207053e8,8
L 705690,8
S 207053f0,8
L 705698,8
S 207053f8,8
L 20705400,8
S 8705380,8
L 20705408,8
S 8705480,8
L 20705410,8
S 8705388,8
L 20705418,8
S 8705488,8
L 20705400,8
S 8705580,8
L 20705408,8
S 8705680,8
L 20705410,8
S 8705588,8
L 20705418,8
S 8705688,8
L 20705400,8
S 8705390,8
L 20705408,8
S 8705490,8
L 20705410,8
S 8705398,8
L 20705418,8
S 8705498,8
L 20705400,8
S 8705590,8
L 20705408,8
S 8705690,8
L 20705410,8
S 8705598,8
L 20705418,8
S 8705698,8
L 7053a0,8
S 20705380,8
L 7053a8,8
S 20705388,8
L 7054a0,8
S 20705390,8
L 7054a8,8
S 20705398,8
L 7053b0,8
S 207053a0,8
L 7053b8,8
S 207053a8,8
L 7054b0,8
S 207053b0,8
L 7054b8,8
S 207053b8,8
L 7055a0,8
S 207053c0,8
L 7055a8,8
S 207053c8,8
L 7056a0,8
S 207053d0,8
L 7056a8,8
S 207053d8,8
L 7055b0,8
S 207053e0,8
L 7055b8,8
S 207053e8,8
L 7056b0,8
S 207053f0,8
L 7056b8,8
S 207053f8,8
L 20705400,8
S 8705780,8
L 20705408,8
S 8705880,8
L 20705410,8
S 8705788,8
L 20705418,8
S 8705888,8
L 20705400,8
S 8705980,8
L 20705408,8
S 8705a80,8
L 20705410,8
S 8705988,8
L 20705418,8
S 8705a88,8
L 20705400,8
S 8705790,8
L 20705408,8
S 8705890,8
L 20705410,8
S 8705798,8
L 20705418,8
S 8705898,8
L 20705400,8
S 8705990,8
L 20705408,8
S 8705a90,8
L 20705410,8
S 8705998,8
L 20705418,8
S 8705a98,8
L 7053c0,8
S 20705380,8
L 7053c8,8
S 20705388,8
L 7054c0,8
S 20705390,8
L 7054c8,8
S 20705398,8
L 7053d0,8
S 207053a0,8
L 7053d8,8
S 207053a8,8
L 7054d0,8
S 207053b0,8
L 7054d8,8
S 207053b8,8
L 7055c0,8
S 207053c0,8
L 7055c8,8
S 207053c8,8
L 7056c0,8
S 207053d0,8
L 7056c8,8
S 207053d8,8
L 7055d0,8
S 207053e0,8
L 7055d8,8
S 207053e8,8
L 7056d0,8
S 207053f0,8
L 7056d8,8
S 207053f8,8
L 20705400,8
S 8705b80,8
L 20705408,8
S 8705c80,8
L 20705410,8
S 8705b88,8
L 20705418,8
S 8705c88,8
L 20705400,8
S 8705d80,8
L 20705408,8
S 8705e80,8
L 20705410,8
S 8705d88,8
L 20705418,8
S 8705e88,8
L 20705400,8
S 8705b90,8
L 20705408,8
S 8705c90,8
L 20705410,8
S 8705b98,8
L 20705418,8
S 8705c98,8
L 20705400,8
S 8705d90,8
L 20705408,8
S 8705e90,8
L 20705410,8
S 8705d98,8
L 20705418,8
S 8705e98,8
L 7053e0,8
S 20705380,8
L 7053e8,8
S 20705388,8
L 7054e0,8
S 20705390,8
L 7054e8,8
S 20705398,8
L 7053f0,8
S 207053a0,8
L 7053f8,8
S 207053a8,8
L 7054f0,8
S 207053b0,8
L 7054f8,8
S 207053b8,8
L 7055e0,8
S 207053c0,8
L 7055e8,8
S 207053c8,8
L 7056e0,8
S 207053d0,8
L 7056e8,8
S 207053d8,8
L 7055f0,8
S 207053e0,8
L 7055f8,8
S 207053e8,8
L 7056f0,8
S 207053f0,8
L 7056f8,8
S 207053f8,8
L 20705400,8
S 8705f80,8
L 20705408,8
S 8706080,8
L 20705410,8
S 8705f88,8
L 20705418,8
S 8706088,8
L 20705400,8
S 8706180,8
L 20705408,8
S 8706280,8
L 20705410,8
S 8706188,8
L 20705418,8
S 8706288,8
L 20705400,8
S 8705f90,8
L 20705408,8
S 8706090,8
L 20705410,8
S 8705f98,8
L 20705418,8
S 8706098,8
L 20705400,8
S 8706190,8
L 20705408,8
S 8706290,8
L 20705410,8
S 8706198,8
L 20705418,8
S 8706298,8
L 705400,8
S 20705380,8
L 705408,8
S 20705388,8
L 705500,8
S 20705390,8
L 705508,8
S 20705398,8
L 705410,8
S 207053a0,8
L 705418,8
S 207053a8,8
L 705510,8
S 207053b0,8
L 705518,8
S 207053b8,8
L 705600,8
S 207053c0,8
L 705608,8
S 207053c8,8
L 705700,8
S 207053d0,8
L 705708,8
S 207053d8,8
L 705610,8
S 207053e0,8
L 705618,8
S 207053e8,8
L 705710,8
S 207053f0,8
L 705718,8
S 207053f8,8
L 20705400,8
S 8706380,8
L 20705408,8
S 8706480,8
L 20705410,8
S 8706388,8
L 20705418,8
S 8706488,8
L 20705400,8
S 8706580,8
L 20705408,8
S 8706680,8
L 20705410,8
S 8706588,8
L 20705418,8
S 8706688,8
L 20705400,8
S 8706390,8
L 20705408,8
S 8706490,8
L 20705410,8
S 8706398,8
L 20705418,8
S 8706498,8
L 20705400,8
S 8706590,8
L 20705408,8
S 8706690,8
L 20705410,8
S 8706598,8
L 20705418,8
S 8706698,8
L 705420,8
S 20705380,8
L 705428,8
S 20705388,8
L 705520,8
S 20705390,8
L 705528,8
S 20705398,8
L 705430,8
S 207053a0,8
L 705438,8
S 207053a8,8
L 705530,8
S 207053b0,8
L 705538,8
S 207053b8,8
L 705620,8
S 207053c0,8
L 705628,8
S 207053c8,8
L 705720,8
S 207053d0,8
L 705728,8
S 207053d8,8
L 705630,8
S 207053e0,8
L 705638,8
S 207053e8,8
L 705730,8
S 207053f0,8
L 705738,8
S 207053f8,8
L 20705400,8
S 8706780,8
L 20705408,8
S 8706880,8
L 20705410,8
S 8706788,8
L 20705418,8
S 8706888,8
L 20705400,8
S 8706980,8
L 20705408,8
S 8706a80,8
L 20705410,8
S 8706988,8
L 20705418,8
S 8706a88,8
L 20705400,8
S 8706790,8
L 20705408,8
S 8706890,8
L 20705410,8
S 8706798,8
L 20705418,8
S 8706898,8
L 20705400,8
S 8706990,8
L 20705408,8
S 8706a90,8
L 20705410,8
S 8706998,8
L 20705418,8
S 8706a98,8
L 705440,8
S 20705380,8
L 705448,8
S 20705388,8
L 705540,8
S 20705390,8
L 705548,8
S 20705398,8
L 705450,8
S 207053a0,8
L 705458,8
S 207053a8,8
L 705550,8
S 207053b0,8
L 705558,8
S 207053b8,8
L 705640,8
S 207053c0,8
L 705648,8
S 207053c8,8
L 705740,8
S 207053d0,8
L 705748,8
S 207053d8,8
L 705650,8
S 207053e0,8
L 705658,8
S 207053e8,8
L 705750,8
S 207053f0,8
L 705758,8
S 207053f8,8
L 20705400,8
S 8706b80,8
L 20705408,8
S 8706c80,8
L 20705410,8
S 8706b88,8
L 20705418,8
S 8706c88,8
L 20705400,8
S 8706d80,8
L 20705408,8
S 8706e80,8
L 20705410,8
S 8706d88,8
L 20705418,8
S 8706e88,8
L 20705400,8
S 8706b90,8
L 20705408,8
S 8706c90,8
L 20705410,8
S 8706b98,8
L 20705418,8
S 8706c98,8
L 20705400,8
S 8706d90,8
L 20705408,8
S 8706e90,8
L 20705410,8
S 8706d98,8
L 20705418,8
S 8706e98,8
L 705460,8
S 20705380,8
L 705468,8
S 20705388,8
L 705560,8
S 20705390,8
L 705568,8
S 20705398,8
L 705470,8
S 207053a0,8
L 705478,8
S 207053a8,8
L 705570,8
S 207053b0,8
L 705578,8
S 207053b8,8
L 705660,8
S 207053c0,8
L 705668,8
S 207053c8,8
L 705760,8
S 207053d0,8
L 705768,8
S 207053d8,8
L 705670,8
S 207053e0,8
L 705678,8
S 207053e8,8
L 705770,8
S 207053f0,8
L 705778,8
S 207053f8,8
L 20705400,8
S 8706f80,8
L 20705408,8
S 8707080,8
L 20705410,8
S 8706f88,8
L 20705418,8
S 8707088,8
L 20705400,8
S 8707180,8
L 20705408,8
S 8707280,8
L 20705410,8
S 8707188,8
L 20705418,8
S 8707288,8
L 20705400,8
S 8706f90,8
L 20705408,8
S 8707090,8
L 20705410,8
S 8706f98,8
L 20705418,8
S 8707098,8
L 20705400,8
S 8707190,8
L 20705408,8
S 8707290,8
L 20705410,8
S 8707198,8
L 20705418,8
S 8707298,8
L 705780,8
S 20705380,8
L 705788,8
S 20705388,8
L 705880,8
S 20705390,8
L 705888,8
S 20705398,8
L 705790,8
S 207053a0,8
L 705798,8
S 207053a8,8
L 705890,8
S 207053b0,8
L 705898,8
S 207053b8,8
L 705980,8
S 207053c0,8
L 705988,8
S 207053c8,8
L 705a80,8
S 207053d0,8
L 705a88,8
S 207053d8,8
L 705990,8
S 207053e0,8
L 705998,8
S 207053e8,8
L 705a90,8
S 207053f0,8
L 705a98,8
S 207053f8,8
L 20705400,8
S 87053a0,8
L 20705408,8
S 87054a0,8
L 20705410,8
S 87053a8,8
L 20705418,8
S 87054a8,8
L 20705400,8
S 87055a0,8
L 20705408,8
S 87056a0,8
L 20705410,8
S 87055a8,8
L 20705418,8
S 87056a8,8
L 20705400,8
S 87053b0,8
L 20705408,8
S 87054b0,8
L 20705410,8
S 87053b8,8
L 20705418,8
S 87054b8,8
L 20705400,8
S 87055b0,8
L 20705408,8
S 87056b0,8
L 20705410,8
S 87055b8,8
L 20705418,8
S 87056b8,8
L 7057a0,8
S 20705380,8
L 7057a8,8
S 20705388,8
L 7058a0,8
S 20705390,8
L 7058a8,8
S 20705398,8
L 7057b0,8
S 207053a0,8
L 7057b8,8
S 207053a8,8
L 7058b0,8
S 207053b0,8
L 7058b8,8
S 207053b8,8
L 7059a0,8
S 207053c0,8
L 7059a8,8
S 207053c8,8
L 705aa0,8
S 207053d0,8
L 705aa8,8
S 207053d8,8
L 7059b0,8
S 207053e0,8
L 7059b8,8
S 207053e8,8
L 705ab0,8
S 207053f0,8
L 705ab8,8
S 207053f8,8
L 20705400,8
S 87057a0,8
L 20705408,8
S 87058a0,8
L 20705410,8
S 87057a8,8
L 20705418,8
S 87058a8,8
L 20705400,8
S 87059a0,8
L 20705408,8
S 8705aa0,8
L 20705410,8
S 87059a8,8
L 20705418,8
S 8705aa8,8
L 20705400,8
S 87057b0,8
L 20705408,8
S 87058b0,8
L 20705410,8
S 87057b8,8
L 20705418,8
S 87058b8,8
L 20705400,8
S 87059b0,8
L 20705408,8
S 8705ab0,8
L 20705410,8
S 87059b8,8
L 20705418,8
S 8705ab8,8
L 7057c0,8
S 20705380,8
L 7057c8,8
S 20705388,8
L 7058c0,8
S 20705390,8
L 7058c8,8
S 20705398,8
L 7057d0,8
S 207053a0,8
L 7057d8,8
S 207053a8,8
L 7058d0,8
S 207053b0,8
L 7058d8,8
S 207053b8,8
L 7059c0,8
S 207053c0,8
L 7059c8,8
S 207053c8,8
L 705ac0,8
S 207053d0,8
L 705ac8,8
S 207053d8,8
L 7059d0,8
S 207053e0,8
L 7059d8,8
S 207053e8,8
L 705ad0,8
S 207053f0,8
L 705ad8,8
S 207053f8,8
L 20705400,8
S 8705ba0,8
L 20705408,8
S 8705ca0,8
L 20705410,8
S 8705ba8,8
L 20705418,8
S 8705ca8,8
L 20705400,8
S 8705da0,8
L 20705408,8
S 8705ea0,8
L 20705410,8
S 8705da8,8
L 20705418,8
S 8705ea8,8
L 20705400,8
S 8705bb0,8
L 20705408,8
S 8705cb0,8
L 20705410,8
S 8705bb8,8
L 20705418,8
S 8705cb8,8
L 20705400,8
S 8705db0,8
L 20705408,8
S 8705eb0,8
L 20705410,8
S 8705db8,8
L 20705418,8
S 8705eb8,8
L 7057e0,8
S 20705380,8
L 7057e8,8
S 20705388,8
L 7058e0,8
S 20705390,8
L 7058e8,8
S 20705398,8
L 7057f0,8
S 207053a0,8
L 7057f8,8
S 207053a8,8
L 7058f0,8
S 207053b0,8
L 7058f8,8
S 207053b8,8
L 7059e0,8
S 207053c0,8
L 7059e8,8
S 207053c8,8
L 705ae0,8
S 207053d0,8
L 705ae8,8
S 207053d8,8
L 7059f0,8
S 207053e0,8
L 7059f8,8
S 207053e8,8
L 705af0,8
S 207053f0,8
L 705af8,8
S 207053f8,8
L 20705400,8
S 8705fa0,8
L 20705408,8
S 87060a0,8
L 20705410,8
S 8705fa8,8
L 20705418,8
S 87060a8,8
L 20705400,8
S 87061a0,8
L 20705408,8
S 87062a0,8
L 20705410,8
S 87061a8,8
L 20705418,8
S 87062a8,8
L 20705400,8
S 8705fb0,8
L 20705408,8
S 87060b0,8
L 20705410,8
S 8705fb8,8
L 20705418,8
S 87060b8,8
L 20705400,8
S 87061b0,8
L 20705408,8
S 87062b0,8
L 20705410,8
S 87061b8,8
L 20705418,8
S 87062b8,8
L 705800,8
S 20705380,8
L 705808,8
S 20705388,8
L 705900,8
S 20705390,8
L 705908,8
S 20705398,8
L 705810,8
S 207053a0,8
L 705818,8
S 207053a8,8
L 705910,8
S 207053b0,8
L 705918,8
S 207053b8,8
L 705a00,8
S 207053c0,8
L 705a08,8
S 207053c8,8
L 705b00,8
S 207053d0,8
L 705b08,8
S 207053d8,8
L 705a10,8
S 207053e0,8
L 705a18,8
S 207053e8,8
L 705b10,8
S 207053f0,8
L 705b18,8
S 207053f8,8
L 20705400,8
S 87063a0,8
L 20705408,8
S 87064a0,8
L 20705410,8
S 87063a8,8
L 20705418,8
S 87064a8,8
L 20705400,8
S 87065a0,8
L 20705408,8
S 87066a0,8
L 20705410,8
S 87065a8,8
L 20705418,8
S 87066a8,8
L 20705400,8
S 87063b0,8
L 20705408,8
S 87064b0,8
L 20705410,8
S 87063b8,8
L 20705418,8
S 87064b8,8
L 20705400,8
S 87065b0,8
L 20705408,8
S 87066b0,8
L 20705410,8
S 87065b8,8
L 20705418,8
S 87066b8,8
L 705820,8
S 20705380,8
L 705828,8
S 20705388,8
L 705920,8
S 20705390,8
L 705928,8
S 20705398,8
L 705830,8
S 207053a0,8
L 705838,8
S 207053a8,8
L 705930,8
S 207053b0,8
L 705938,8
S 207053b8,8
L 705a20,8
S 207053c0,8
L 705a28,8
S 207053c8,8
L 705b20,8
S 207053d0,8
L 705b28,8
S 207053d8,8
L 705a30,8
S 207053e0,8
L 705a38,8
S 207053e8,8
L 705b30,8
S 207053f0,8
L 705b38,8
S 207053f8,8
L 20705400,8
S 87067a0,8
L 20705408,8
S 87068a0,8
L 20705410,8
S 87067a8,8
L 20705418,8
S 87068a8,8
L 20705400,8
S 87069a0,8
L 20705408,8
S 8706aa0,8
L 20705410,8
S 87069a8,8
L 20705418,8
S 8706aa8,8
L 20705400,8
S 87067b0,8
L 20705408,8
S 87068b0,8
L 20705410,8
S 87067b8,8
L 20705418,8
S 87068b8,8
L 20705400,8
S 87069b0,8
L 20705408,8
S 8706ab0,8
L 20705410,8
S 87069b8,8
L 20705418,8
S 8706ab8,8
L 705840,8
S 20705380,8
L 705848,8
S 20705388,8
L 705940,8
S 20705390,8
L 705948,8
S 20705398,8
L 705850,8
S 207053a0,8
L 705858,8
S 207053a8,8
L 705950,8
S 207053b0,8
L 705958,8
S 207053b8,8
L 705a40,8
S 207053c0,8
L 705a48,8
S 207053c8,8
L 705b40,8
S 207053d0,8
L 705b48,8
S 207053d8,8
L 705a50,8
S 207053e0,8
L 705a58,8
S 207053e8,8
L 705b50,8
S 207053f0,8
L 705b58,8
S 207053f8,8
L 20705400,8
S 8706ba0,8
L 20705408,8
S 8706ca0,8
L 20705410,8
S 8706ba8,8
L 20705418,8
S 8706ca8,8
L 20705400,8
S 8706da0,8
L 20705408,8
S 8706ea0,8
L 20705410,8
S 8706da8,8
L 20705418,8
S 8706ea8,8
L 20705400,8
S 8706bb0,8
L 20705408,8
S 8706cb0,8
L 20705410,8
S 8706bb8,8
L 20705418,8
S 8706cb8,8
L 20705400,8
S 8706db0,8
L 20705408,8
S 8706eb0,8
L 20705410,8
S 8706db8,8
L 20705418,8
S 8706eb8,8
L 705860,8
S 20705380,8
L 705868,8
S 20705388,8
L 705960,8
S 20705390,8
L 705968,8
S 20705398,8
L 705870,8
S 207053a0,8
L 705878,8
S 207053a8,8
L 705970,8
S 207053b0,8
L 705978,8
S 207053b8,8
L 705a60,8
S 207053c0,8
L 705a68,8
S 207053c8,8
L 705b60,8
S 207053d0,8
L 705b68,8
S 207053d8,8
L 705a70,8
S 207053e0,8
L 705a78,8
S 207053e8,8
L 705b70,8
S 207053f0,8
L 705b78,8
S 207053f8,8
L 20705400,8
S 8706fa0,8
L 20705408,8
S 87070a0,8
L 20705410,8
S 8706fa8,8
L 20705418,8
S 87070a8,8
L 20705400,8
S 87071a0,8
L 20705408,8
S 87072a0,8
L 20705410,8
S 87071a8,8
L 20705418,8
S 87072a8,8
L 20705400,8
S 8706fb0,8
L 20705408,8
S 87070b0,8
L 20705410,8
S 8706fb8,8
L 20705418,8
S 87070b8,8
L 20705400,8
S 87071b0,8
L 20705408,8
S 87072b0,8
L 20705410,8
S 87071b8,8
L 20705418,8
S 87072b8,8
L 705b80,8
S 20705380,8
L 705b88,8
S 20705388,8
L 705c80,8
S 20705390,8
L 705c88,8
S 20705398,8
L 705b90,8
S 207053a0,8
L 705b98,8
S 207053a8,8
L 705c90,8
S 207053b0,8
L 705c98,8
S 207053b8,8
L 705d80,8
S 207053c0,8
L 705d88,8
S 207053c8,8
L 705e80,8
S 207053d0,8
L 705e88,8
S 207053d8,8
L 705d90,8
S 207053e0,8
L 705d98,8
S 207053e8,8
L 705e90,8
S 207053f0,8
L 705e98,8
S 207053f8,8
L 20705400,8
S 87053c0,8
L 20705408,8
S 87054c0,8
L 20705410,8
S 87053c8,8
L 20705418,8
S 87054c8,8
L 20705400,8
S 87055c0,8
L 20705408,8
S 87056c0,8
L 20705410,8
S 87055c8,8
L 20705418,8
S 87056c8,8
L 20705400,8
S 87053d0,8
L 20705408,8
S 87054d0,8
L 20705410,8
S 87053d8,8
L 20705418,8
S 87054d8,8
L 20705400,8
S 87055d0,8
L 20705408,8
S 87056d0,8
L 20705410,8
S 87055d8,8
L 20705418,8
S 87056d8,8
L 705ba0,8
S 20705380,8
L 705ba8,8
S 20705388,8
L 705ca0,8
S 20705390,8
L 705ca8,8
S 20705398,8
L 705bb0,8
S 207053a0,8
L 705bb8,8
S 207053a8,8
L 705cb0,8
S 207053b0,8
L 705cb8,8
S 207053b8,8
L 705da0,8
S 207053c0,8
L 705da8,8
S 207053c8,8
L 705ea0,8
S 207053d0,8
L 705ea8,8
S 207053d8,8
L 705db0,8
S 207053e0,8
L 705db8,8
S 207053e8,8
L 705eb0,8
S 207053f0,8
L 705eb8,8
S 207053f8,8
L 20705400,8
S 87057c0,8
L 20705408,8
S 87058c0,8
L 20705410,8
S 87057c8,8
L 20705418,8
S 87058c8,8
L 20705400,8
S 87059c0,8
L 20705408,8
S 8705ac0,8
L 20705410,8
S 87059c8,8
L 20705418,8
S 8705ac8,8
L 20705400,8
S 87057d0,8
L 20705408,8
S 87058d0,8
L 20705410,8
S 87057d8,8
L 20705418,8
S 87058d8,8
L 20705400,8
S 87059d0,8
L 20705408,8
S 8705ad0,8
L 20705410,8
S 87059d8,8
L 20705418,8
S 8705ad8,8
L 705bc0,8
S 20705380,8
L 705bc8,8
S 20705388,8
L 705cc0,8
S 20705390,8
L 705cc8,8
S 20705398,8
L 705bd0,8
S 207053a0,8
L 705bd8,8
S 207053a8,8
L 705cd0,8
S 207053b0,8
L 705cd8,8
S 207053b8,8
L 705dc0,8
S 207053c0,8
L 705dc8,8
S 207053c8,8
L 705ec0,8
S 207053d0,8
L 705ec8,8
S 207053d8,8
L 705dd0,8
S 207053e0,8
L 705dd8,8
S 207053e8,8
L 705ed0,8
S 207053f0,8
L 705ed8,8
S 207053f8,8
L 20705400,8
S 8705bc0,8
L 20705408,8
S 8705cc0,8
L 20705410,8
S 8705bc8,8
L 20705418,8
S 8705cc8,8
L 20705400,8
S 8705dc0,8
L 20705408,8
S 8705ec0,8
L 20705410,8
S 8705dc8,8
L 20705418,8
S 8705ec8,8
L 20705400,8
S 8705bd0,8
L 20705408,8
S 8705cd0,8
L 20705410,8
S 8705bd8,8
L 20705418,8
S 8705cd8,8
L 20705400,8
S 8705dd0,8
L 20705408,8
S 8705ed0,8
L 20705410,8
S 8705dd8,8
L 20705418,8
S 8705ed8,8
L 705be0,8
S 20705380,8
L 705be8,8
S 20705388,8
L 705ce0,8
S 20705390,8
L 705ce8,8
S 20705398,8
L 705bf0,8
S 207053a0,8
L 705bf8,8
S 207053a8,8
L 705cf0,8
S 207053b0,8
L 705cf8,8
S 207053b8,8
L 705de0,8
S 207053c0,8
L 705de8,8
S 207053c8,8
L 705ee0,8
S 207053d0,8
L 705ee8,8
S 207053d8,8
L 705df0,8
S 207053e0,8
L 705df8,8
S 207053e8,8
L 705ef0,8
S 207053f0,8
L 705ef8,8
S 207053f8,8
L 20705400,8
S 8705fc0,8
L 20705408,8
S 87060c0,8
L 20705410,8
S 8705fc8,8
L 20705418,8
S 87060c8,8
L 20705400,8
S 87061c0,8
L 20705408,8
S 87062c0,8
L 20705410,8
S 87061c8,8
L 20705418,8
S 87062c8,8
L 20705400,8
S 8705fd0,8
L 20705408,8
S 87060d0,8
L 20705410,8
S 8705fd8,8
L 20705418,8
S 87060d8,8
L 20705400,8
S 87061d0,8
L 20705408,8
S 87062d0,8
L 20705410,8
S 87061d8,8
L 20705418,8
S 87062d8,8
L 705c00,8
S 20705380,8
L 705c08,8
S 20705388,8
L 705d00,8
S 20705390,8
L 705d08,8
S 20705398,8
L 705c10,8
S 207053a0,8
L 705c18,8
S 207053a8,8
L 705d10,8
S 207053b0,8
L 705d18,8
S 207053b8,8
L 705e00,8
S 207053c0,8
L 705e08,8
S 207053c8,8
L 705f00,8
S 207053d0,8
L 705f08,8
S 207053d8,8
L 705e10,8
S 207053e0,8
L 705e18,8
S 207053e8,8
L 705f10,8
S 207053f0,8
L 705f18,8
S 207053f8,8
L 20705400,8
S 87063c0,8
L 20705408,8
S 87064c0,8
L 20705410,8
S 87063c8,8
L 20705418,8
S 87064c8,8
L 20705400,8
S 87065c0,8
L 20705408,8
S 87066c0,8
L 20705410,8
S 87065c8,8
L 20705418,8
S 87066c8,8
L 20705400,8
S 87063d0,8
L 20705408,8
S 87064d0,8
L 20705410,8
S 87063d8,8
L 20705418,8
S 87064d8,8
L 20705400,8
S 87065d0,8
L 20705408,8
S 87066d0,8
L 20705410,8
S 87065d8,8
L 20705418,8
S 87066d8,8
L 705c20,8
S 20705380,8
L 705c28,8
S 20705388,8
L 705d20,8
S 20705390,8
L 705d28,8
S 20705398,8
L 705c30,8
S 207053a0,8
L 705c38,8
S 207053a8,8
L 705d30,8
S 207053b0,8
L 705d38,8
S 207053b8,8
L 705e20,8
S 207053c0,8
L 705e28,8
S 207053c8,8
L 705f20,8
S 207053d0,8
L 705f28,8
S 207053d8,8
L 705e30,8
S 207053e0,8
L 705e38,8
S 207053e8,8
L 705f30,8
S 207053f0,8
L 705f38,8
S 207053f8,8
L 20705400,8
S 87067c0,8
L 20705408,8
S 87068c0,8
L 20705410,8
S 87067c8,8
L 20705418,8
S 87068c8,8
L 20705400,8
S 87069c0,8
L 20705408,8
S 8706ac0,8
L 20705410,8
S 87069c8,8
L 20705418,8
S 8706ac8,8
L 20705400,8
S 87067d0,8
L 20705408,8
S 87068d0,8
L 20705410,8
S 87067d8,8
L 20705418,8
S 87068d8,8
L 20705400,8
S 87069d0,8
L 20705408,8
S 8706ad0,8
L 20705410,8
S 87069d8,8
L 20705418,8
S 8706ad8,8
L 705c40,8
S 20705380,8
L 705c48,8
S 20705388,8
L 705d40,8
S 20705390,8
L 705d48,8
S 20705398,8
L 705c50,8
S 207053a0,8
L 705c58,8
S 207053a8,8
L 705d50,8
S 207053b0,8
L 705d58,8
S 207053b8,8
L 705e40,8
S 207053c0,8
L 705e48,8
S 207053c8,8
L 705f40,8
S 207053d0,8
L 705f48,8
S 207053d8,8
L 705e50,8
S 207053e0,8
L 705e58,8
S 207053e8,8
L 705f50,8
S 207053f0,8
L 705f58,8
S 207053f8,8
L 20705400,8
S 8706bc0,8
L 20705408,8
S 8706cc0,8
L 20705410,8
S 8706bc8,8
L 20705418,8
S 8706cc8,8
L 20705400,8
S 8706dc0,8
L 20705408,8
S 8706ec0,8
L 20705410,8
S 8706dc8,8
L 20705418,8
S 8706ec8,8
L 20705400,8
S 8706bd0,8
L 20705408,8
S 8706cd0,8
L 20705410,8
S 8706bd8,8
L 20705418,8
S 8706cd8,8
L 20705400,8
S 8706dd0,8
L 20705408,8
S 8706ed0,8
L 20705410,8
S 8706dd8,8
L 20705418,8
S 8706ed8,8
L 705c60,8
S 20705380,8
L 705c68,8
S 20705388,8
L 705d60,8
S 20705390,8
L 705d68,8
S 20705398,8
L 705c70,8
S 207053a0,8
L 705c78,8
S 207053a8,8
L 705d70,8
S 207053b0,8
L 705d78,8
S 207053b8,8
L 705e60,8
S 207053c0,8
L 705e68,8
S 207053c8,8
L 705f60,8
S 207053d0,8
L 705f68,8
S 207053d8,8
L 705e70,8
S 207053e0,8
L 705e78,8
S 207053e8,8
L 705f70,8
S 207053f0,8
L 705f78,8
S 207053f8,8
L 20705400,8
S 8706fc0,8
L 20705408,8
S 87070c0,8
L 20705410,8
S 8706fc8,8
L 20705418,8
S 87070c8,8
L 20705400,8
S 87071c0,8
L 20705408,8
S 87072c0,8
L 20705410,8
S 87071c8,8
L 20705418,8
S 87072c8,8
L 20705400,8
S 8706fd0,8
L 20705408,8
S 87070d0,8
L 20705410,8
S 8706fd8,8
L 20705418,8
S 87070d8,8
L 20705400,8
S 87071d0,8
L 20705408,8
S 87072d0,8
L 20705410,8
S 87071d8,8
L 20705418,8
S 87072d8,8
L 705f80,8
S 20705380,8
L 705f88,8
S 20705388,8
L 706080,8
S 20705390,8
L 706088,8
S 20705398,8
L 705f90,8
S 207053a0,8
L 705f98,8
S 207053a8,8
L 706090,8
S 207053b0,8
L 706098,8
S 207053b8,8
L 706180,8
S 207053c0,8
L 706188,8
S 207053c8,8
L 706280,8
S 207053d0,8
L 706288,8
S 207053d8,8
L 706190,8
S 207053e0,8
L 706198,8
S 207053e8,8
L 706290,8
S 207053f0,8
L 706298,8
S 207053f8,8
L 20705400,8
S 87053e0,8
L 20705408,8
S 87054e0,8
L 20705410,8
S 87053e8,8
L 20705418,8
S 87054e8,8
L 20705400,8
S 87055e0,8
L 20705408,8
S 87056e0,8
L 20705410,8
S 87055e8,8
L 20705418,8
S 87056e8,8
L 20705400,8
S 87053f0,8
L 20705408,8
S 87054f0,8
L 20705410,8
S 87053f8,8
L 20705418,8
S 87054f8,8
L 20705400,8
S 87055f0,8
L 20705408,8
S 87056f0,8
L 20705410,8
S 87055f8,8
L 20705418,8
S 87056f8,8
L 705fa0,8
S 20705380,8
L 705fa8,8
S 20705388,8
L 7060a0,8
S 20705390,8
L 7060a8,8
S 20705398,8
L 705fb0,8
S 207053a0,8
L 705fb8,8
S 207053a8,8
L 7060b0,8
S 207053b0,8
L 7060b8,8
S 207053b8,8
L 7061a0,8
S 207053c0,8
L 7061a8,8
S 207053c8,8
L 7062a0,8
S 207053d0,8
L 7062a8,8
S 207053d8,8
L 7061b0,8
S 207053e0,8
L 7061b8,8
S 207053e8,8
L 7062b0,8
S 207053f0,8
L 7062b8,8
S 207053f8,8
L 20705400,8
S 87057e0,8
L 20705408,8
S 87058e0,8
L 20705410,8
S 87057e8,8
L 20705418,8
S 87058e8,8
L 20705400,8
S 87059e0,8
L 20705408,8
S 8705ae0,8
L 20705410,8
S 87059e8,8
L 20705418,8
S 8705ae8,8
L 20705400,8
S 87057f0,8
L 20705408,8
S 87058f0,8
L 20705410,8
S 87057f8,8
L 20705418,8
S 87058f8,8
L 20705400,8
S 87059f0,8
L 20705408,8
S 8705af0,8
L 20705410,8
S 87059f8,8
L 20705418,8
S 8705af8,8
L 705fc0,8
S 20705380,8
L 705fc8,8
S 20705388,8
L 7060c0,8
S 20705390,8
L 7060c8,8
S 20705398,8
L 705fd0,8
S 207053a0,8
L 705fd8,8
S 207053a8,8
L 7060d0,8
S 207053b0,8
L 7060d8,8
S 207053b8,8
L 7061c0,8
S 207053c0,8
L 7061c8,8
S 207053c8,8
L 7062c0,8
S 207053d0,8
L 7062c8,8
S 207053d8,8
L 7061d0,8
S 207053e0,8
L 7061d8,8
S 207053e8,8
L 7062d0,8
S 207053f0,8
L 7062d8,8
S 207053f8,8
L 20705400,8
S 8705be0,8
L 20705408,8
S 8705ce0,8
L 20705410,8
S 8705be8,8
L 20705418,8
S 8705ce8,8
L 20705400,8
S 8705de0,8
L 20705408,8
S 8705ee0,8
L 20705410,8
S 8705de8,8
L 20705418,8
S 8705ee8,8
L 20705400,8
S 8705bf0,8
L 20705408,8
S 8705cf0,8
L 20705410,8
S 8705bf8,8
L 20705418,8
S 8705cf8,8
L 20705400,8
S 8705df0,8
L 20705408,8
S 8705ef0,8
L 20705410,8
S 8705df8,8
L 20705418,8
S 8705ef8,8
L 705fe0,8
S 20705380,8
L 705fe8,8
S 20705388,8
L 7060e0,8
S 20705390,8
L 7060e8,8
S 20705398,8
L 705ff0,8
S 207053a0,8
L 705ff8,8
S 207053a8,8
L 7060f0,8
S 207053b0,8
L 7060f8,8
S 207053b8,8
L 7061e0,8
S 207053c0,8
L 7061e8,8
S 207053c8,8
L 7062e0,8
S 207053d0,8
L 7062e8,8
S 207053d8,8
L 7061f0,8
S 207053e0,8
L 7061f8,8
S 207053e8,8
L 7062f0,8
S 207053f0,8
L 7062f8,8
S 207053f8,8
L 20705400,8
S 8705fe0,8
L 20705408,8
S 87060e0,8
L 20705410,8
S 8705fe8,8
L 20705418,8
S 87060e8,8
L 20705400,8
S 87061e0,8
L 20705408,8
S 87062e0,8
L 20705410,8
S 87061e8,8
L 20705418,8
S 87062e8,8
L 20705400,8
S 8705ff0,8
L 20705408,8
S 87060f0,8
L 20705410,8
S 8705ff8,8
L 20705418,8
S 87060f8,8
L 20705400,8
S 87061f0,8
L 20705408,8
S 87062f0,8
L 20705410,8
S 87061f8,8
L 20705418,8
S 87062f8,8
L 706000,8
S 20705380,8
L 706008,8
S 20705388,8
L 706100,8
S 20705390,8
L 706108,8
S 20705398,8
L 706010,8
S 207053a0,8
L 706018,8
S 207053a8,8
L 706110,8
S 207053b0,8
L 706118,8
S 207053b8,8
L 706200,8
S 207053c0,8
L 706208,8
S 207053c8,8
L 706300,8
S 207053d0,8
L 706308,8
S 207053d8,8
L 706210,8
S 207053e0,8
L 706218,8
S 207053e8,8
L 706310,8
S 207053f0,8
L 706318,8
S 207053f8,8
L 20705400,8
S 87063e0,8
L 20705408,8
S 87064e0,8
L 20705410,8
S 87063e8,8
L 20705418,8
S 87064e8,8
L 20705400,8
S 87065e0,8
L 20705408,8
S 87066e0,8
L 20705410,8
S 87065e8,8
L 20705418,8
S 87066e8,8
L 20705400,8
S 87063f0,8
L 20705408,8
S 87064f0,8
L 20705410,8
S 87063f8,8
L 20705418,8
S 87064f8,8
L 20705400,8
S 87065f0,8
L 20705408,8
S 87066f0,8
L 20705410,8
S 87065f8,8
L 20705418,8
S 87066f8,8
L 706020,8
S 20705380,8
L 706028,8
S 20705388,8
L 706120,8
S 20705390,8
L 706128,8
S 20705398,8
L 706030,8
S 207053a0,8
L 706038,8
S 207053a8,8
L 706130,8
S 207053b0,8
L 706138,8
S 207053b8,8
L 706220,8
S 207053c0,8
L 706228,8
S 207053c8,8
L 706320,8
S 207053d0,8
L 706328,8
S 207053d8,8
L 706230,8
S 207053e0,8
L 706238,8
S 207053e8,8
L 706330,8
S 207053f0,8
L 706338,8
S 207053f8,8
L 20705400,8
S 87067e0,8
L 20705408,8
S 87068e0,8
L 20705410,8
S 87067e8,8
L 20705418,8
S 87068e8,8
L 20705400,8
S 87069e0,8
L 20705408,8
S 8706ae0,8
L 20705410,8
S 87069e8,8
L 20705418,8
S 8706ae8,8
L 20705400,8
S 87067f0,8
L 20705408,8
S 87068f0,8
L 20705410,8
S 87067f8,8
L 20705418,8
S 87068f8,8
L 20705400,8
S 87069f0,8
L 20705408,8
S 8706af0,8
L 20705410,8
S 87069f8,8
L 20705418,8
S 8706af8,8
L 706040,8
S 20705380,8
L 706048,8
S 20705388,8
L 706140,8
S 20705390,8
L 706148,8
S 20705398,8
L 706050,8
S 207053a0,8
L 706058,8
S 207053a8,8
L 706150,8
S 207053b0,8
L 706158,8
S 207053b8,8
L 706240,8
S 207053c0,8
L 706248,8
S 207053c8,8
L 706340,8
S 207053d0,8
L 706348,8
S 207053d8,8
L 706250,8
S 207053e0,8
L 706258,8
S 207053e8,8
L 706350,8
S 207053f0,8
L 706358,8
S 207053f8,8
L 20705400,8
S 8706be0,8
L 20705408,8
S 8706ce0,8
L 20705410,8
S 8706be8,8
L 20705418,8
S 8706ce8,8
L 20705400,8
S 8706de0,8
L 20705408,8
S 8706ee0,8
L 20705410,8
S 8706de8,8
L 20705418,8
S 8706ee8,8
L 20705400,8
S 8706bf0,8
L 20705408,8
S 8706cf0,8
L 20705410,8
S 8706bf8,8
L 20705418,8
S 8706cf8,8
L 20705400,8
S 8706df0,8
L 20705408,8
S 8706ef0,8
L 20705410,8
S 8706df8,8
L 20705418,8
S 8706ef8,8
L 706060,8
S 20705380,8
L 706068,8
S 20705388,8
L 706160,8
S 20705390,8
L 706168,8
S 20705398,8
L 706070,8
S 207053a0,8
L 706078,8
S 207053a8,8
L 706170,8
S 207053b0,8
L 706178,8
S 207053b8,8
L 706260,8
S 207053c0,8
L 706268,8
S 207053c8,8
L 706360,8
S 207053d0,8
L 706368,8
S 207053d8,8
L 706270,8
S 207053e0,8
L 706278,8
S 207053e8,8
L 706370,8
S 207053f0,8
L 706378,8
S 207053f8,8
L 20705400,8
S 8706fe0,8
L 20705408,8
S 87070e0,8
L 20705410,8
S 8706fe8,8
L 20705418,8
S 87070e8,8
L 20705400,8
S 87071e0,8
L 20705408,8
S 87072e0,8
L 20705410,8
S 87071e8,8
L 20705418,8
S 87072e8,8
L 20705400,8
S 8706ff0,8
L 20705408,8
S 87070f0,8
L 20705410,8
S 8706ff8,8
L 20705418,8
S 87070f8,8
L 20705400,8
S 87071f0,8
L 20705408,8
S 87072f0,8
L 20705410,8
S 87071f8,8
L 20705418,8
S 87072f8,8
L 706380,8
S 20705380,8
L 706388,8
S 20705388,8
L 706480,8
S 20705390,8
L 706488,8
S 20705398,8
L 706390,8
S 207053a0,8
L 706398,8
S 207053a8,8
L 706490,8
S 207053b0,8
L 706498,8
S 207053b8,8
L 706580,8
S 207053c0,8
L 706588,8
S 207053c8,8
L 706680,8
S 207053d0,8
L 706688,8
S 207053d8,8
L 706590,8
S 207053e0,8
L 706598,8
S 207053e8,8
L 706690,8
S 207053f0,8
L 706698,8
S 207053f8,8
L 20705400,8
S 8705400,8
L 20705408,8
S 8705500,8
L 20705410,8
S 8705408,8
L 20705418,8
S 8705508,8
L 20705400,8
S 8705600,8
L 20705408,8
S 8705700,8
L 20705410,8
S 8705608,8
L 20705418,8
S 8705708,8
L 20705400,8
S 8705410,8
L 20705408,8
S 8705510,8
L 20705410,8
S 8705418,8
L 20705418,8
S 8705518,8
L 20705400,8
S 8705610,8
L 20705408,8
S 8705710,8
L 20705410,8
S 8705618,8
L 20705418,8
S 8705718,8
L 7063a0,8
S 20705380,8
L 7063a8,8
S 20705388,8
L 7064a0,8
S 20705390,8
L 7064a8,8
S 20705398,8
L 7063b0,8
S 207053a0,8
L 7063b8,8
S 207053a8,8
L 7064b0,8
S 207053b0,8
L 7064b8,8
S 207053b8,8
L 7065a0,8
S 207053c0,8
L 7065a8,8
S 207053c8,8
L 7066a0,8
S 207053d0,8
L 7066a8,8
S 207053d8,8
L 7065b0,8
S 207053e0,8
L 7065b8,8
S 207053e8,8
L 7066b0,8
S 207053f0,8
L 7066b8,8
S 207053f8,8
L 20705400,8
S 8705800,8
L 20705408,8
S 8705900,8
L 20705410,8
S 8705808,8
L 20705418,8
S 8705908,8
L 20705400,8
S 8705a00,8
L 20705408,8
S 8705b00,8
L 20705410,8
S 8705a08,8
L 20705418,8
S 8705b08,8
L 20705400,8
S 8705810,8
L 20705408,8
S 8705910,8
L 20705410,8
S 8705818,8
L 20705418,8
S 8705918,8
L 20705400,8
S 8705a10,8
L 20705408,8
S 8705b10,8
L 20705410,8
S 8705a18,8
L 20705418,8
S 8705b18,8
L 7063c0,8
S 20705380,8
L 7063c8,8
S 20705388,8
L 7064c0,8
S 20705390,8
L 7064c8,8
S 20705398,8
L 7063d0,8
S 207053a0,8
L 7063d8,8
S 207053a8,8
L 7064d0,8
S 207053b0,8
L 7064d8,8
S 207053b8,8
L 7065c0,8
S 207053c0,8
L 7065c8,8
S 207053c8,8
L 7066c0,8
S 207053d0,8
L 7066c8,8
S 207053d8,8
L 7065d0,8
S 207053e0,8
L 7065d8,8
S 207053e8,8
L 7066d0,8
S 207053f0,8
L 7066d8,8
S 207053f8,8
L 20705400,8
S 8705c00,8
L 20705408,8
S 8705d00,8
L 20705410,8
S 8705c08,8
L 20705418,8
S 8705d08,8
L 20705400,8
S 8705e00,8
L 20705408,8
S 8705f00,8
L 20705410,8
S 8705e08,8
L 20705418,8
S 8705f08,8
L 20705400,8
S 8705c10,8
L 20705408,8
S 8705d10,8
L 20705410,8
S 8705c18,8
L 20705418,8
S 8705d18,8
L 20705400,8
S 8705e10,8
L 20705408,8
S 8705f10,8
L 20705410,8
S 8705e18,8
L 20705418,8
S 8705f18,8
L 7063e0,8
S 20705380,8
L 7063e8,8
S 20705388,8
L 7064e0,8
S 20705390,8
L 7064e8,8
S 20705398,8
L 7063f0,8
S 207053a0,8
L 7063f8,8
S 207053a8,8
L 7064f0,8
S 207053b0,8
L 7064f8,8
S 207053b8,8
L 7065e0,8
S 207053c0,8
L 7065e8,8
S 207053c8,8
L 7066e0,8
S 207053d0,8
L 7066e8,8
S 207053d8,8
L 7065f0,8
S 207053e0,8
L 7065f8,8
S 207053e8,8
L 7066f0,8
S 207053f0,8
L 7066f8,8
S 207053f8,8
L 20705400,8
S 8706000,8
L 20705408,8
S 8706100,8
L 20705410,8
S 8706008,8
L 20705418,8
S 8706108,8
L 20705400,8
S 8706200,8
L 20705408,8
S 8706300,8
L 20705410,8
S 8706208,8
L 20705418,8
S 8706308,8
L 20705400,8
S 8706010,8
L 20705408,8
S 8706110,8
L 20705410,8
S 8706018,8
L 20705418,8
S 8706118,8
L 20705400,8
S 8706210,8
L 20705408,8
S 8706310,8
L 20705410,8
S 8706218,8
L 20705418,8
S 8706318,8
L 706400,8
S 20705380,8
L 706408,8
S 20705388,8
L 706500,8
S 20705390,8
L 706508,8
S 20705398,8
L 706410,8
S 207053a0,8
L 706418,8
S 207053a8,8
L 706510,8
S 207053b0,8
L 706518,8
S 207053b8,8
L 706600,8
S 207053c0,8
L 706608,8
S 207053c8,8
L 706700,8
S 207053d0,8
L 706708,8
S 207053d8,8
L 706610,8
S 207053e0,8
L 706618,8
S 207053e8,8
L 706710,8
S 207053f0,8
L 706718,8
S 207053f8,8
L 20705400,8
S 8706400,8
L 20705408,8
S 8706500,8
L 20705410,8
S 8706408,8
L 20705418,8
S 8706508,8
L 20705400,8
S 8706600,8
L 20705408,8
S 8706700,8
L 20705410,8
S 8706608,8
L 20705418,8
S 8706708,8
L 20705400,8
S 8706410,8
L 20705408,8
S 8706510,8
L 20705410,8
S 8706418,8
L 20705418,8
S 8706518,8
L 20705400,8
S 8706610,8
L 20705408,8
S 8706710,8
L 20705410,8
S 8706618,8
L 20705418,8
S 8706718,8
L 706420,8
S 20705380,8
L 706428,8
S 20705388,8
L 706520,8
S 20705390,8
L 706528,8
S 20705398,8
L 706430,8
S 207053a0,8
L 706438,8
S 207053a8,8
L 706530,8
S 207053b0,8
L 706538,8
S 207053b8,8
L 706620,8
S 207053c0,8
L 706628,8
S 207053c8,8
L 706720,8
S 207053d0,8
L 706728,8
S 207053d8,8
L 706630,8
S 207053e0,8
L 706638,8
S 207053e8,8
L 706730,8
S 207053f0,8
L 706738,8
S 207053f8,8
L 20705400,8
S 8706800,8
L 20705408,8
S 8706900,8
L 20705410,8
S 8706808,8
L 20705418,8
S 8706908,8
L 20705400,8
S 8706a00,8
L 20705408,8
S 8706b00,8
L 20705410,8
S 8706a08,8
L 20705418,8
S 8706b08,8
L 20705400,8
S 8706810,8
L 20705408,8
S 8706910,8
L 20705410,8
S 8706818,8
L 20705418,8
S 8706918,8
L 20705400,8
S 8706a10,8
L 20705408,8
S 8706b10,8
L 20705410,8
S 8706a18,8
L 20705418,8
S 8706b18,8
L 706440,8
S 20705380,8
L 706448,8
S 20705388,8
L 706540,8
S 20705390,8
L 706548,8
S 20705398,8
L 706450,8
S 207053a0,8
L 706458,8
S 207053a8,8
L 706550,8
S 207053b0,8
L 706558,8
S 207053b8,8
L 706640,8
S 207053c0,8
L 706648,8
S 207053c8,8
L 706740,8
S 207053d0,8
L 706748,8
S 207053d8,8
L 706650,8
S 207053e0,8
L 706658,8
S 207053e8,8
L 706750,8
S 207053f0,8
L 706758,8
S 207053f8,8
L 20705400,8
S 8706c00,8
L 20705408,8
S 8706d00,8
L 20705410,8
S 8706c08,8
L 20705418,8
S 8706d08,8
L 20705400,8
S 8706e00,8
L 20705408,8
S 8706f00,8
L 20705410,8
S 8706e08,8
L 20705418,8
S 8706f08,8
L 20705400,8
S 8706c10,8
L 20705408,8
S 8706d10,8
L 20705410,8
S 8706c18,8
L 20705418,8
S 8706d18,8
L 20705400,8
S 8706e10,8
L 20705408,8
S 8706f10,8
L 20705410,8
S 8706e18,8
L 20705418,8
S 8706f18,8
L 706460,8
S 20705380,8
L 706468,8
S 20705388,8
L 706560,8
S 20705390,8
L 706568,8
S 20705398,8
L 706470,8
S 207053a0,8
L 706478,8
S 207053a8,8
L 706570,8
S 207053b0,8
L 706578,8
S 207053b8,8
L 706660,8
S 207053c0,8
L 706668,8
S 207053c8,8
L 706760,8
S 207053d0,8
L 706768,8
S 207053d8,8
L 706670,8
S 207053e0,8
L 706678,8
S 207053e8,8
L 706770,8
S 207053f0,8
L 706778,8
S 207053f8,8
L 20705400,8
S 8707000,8
L 20705408,8
S 8707100,8
L 20705410,8
S 8707008,8
L 20705418,8
S 8707108,8
L 20705400,8
S 8707200,8
L 20705408,8
S 8707300,8
L 20705410,8
S 8707208,8
L 20705418,8
S 8707308,8
L 20705400,8
S 8707010,8
L 20705408,8
S 8707110,8
L 20705410,8
S 8707018,8
L 20705418,8
S 8707118,8
L 20705400,8
S 8707210,8
L 20705408,8
S 8707310,8
L 20705410,8
S 8707218,8
L 20705418,8
S 8707318,8
L 706780,8
S 20705380,8
L 706788,8
S 20705388,8
L 706880,8
S 20705390,8
L 706888,8
S 20705398,8
L 706790,8
S 207053a0,8
L 706798,8
S 207053a8,8
L 706890,8
S 207053b0,8
L 706898,8
S 207053b8,8
L 706980,8
S 207053c0,8
L 706988,8
S 207053c8,8
L 706a80,8
S 207053d0,8
L 706a88,8
S 207053d8,8
L 706990,8
S 207053e0,8
L 706998,8
S 207053e8,8
L 706a90,8
S 207053f0,8
L 706a98,8
S 207053f8,8
L 20705400,8
S 8705420,8
L 20705408,8
S 8705520,8
L 20705410,8
S 8705428,8
L 20705418,8
S 8705528,8
L 20705400,8
S 8705620,8
L 20705408,8
S 8705720,8
L 20705410,8
S 8705628,8
L 20705418,8
S 8705728,8
L 20705400,8
S 8705430,8
L 20705408,8
S 8705530,8
L 20705410,8
S 8705438,8
L 20705418,8
S 8705538,8
L 20705400,8
S 8705630,8
L 20705408,8
S 8705730,8
L 20705410,8
S 8705638,8
L 20705418,8
S 8705738,8
L 7067a0,8
S 20705380,8
L 7067a8,8
S 20705388,8
L 7068a0,8
S 20705390,8
L 7068a8,8
S 20705398,8
L 7067b0,8
S 207053a0,8
L 7067b8,8
S 207053a8,8
L 7068b0,8
S 207053b0,8
L 7068b8,8
S 207053b8,8
L 7069a0,8
S 207053c0,8
L 7069a8,8
S 207053c8,8
L 706aa0,8
S 207053d0,8
L 706aa8,8
S 207053d8,8
L 7069b0,8
S 207053e0,8
L 7069b8,8
S 207053e8,8
L 706ab0,8
S 207053f0,8
L 706ab8,8
S 207053f8,8
L 20705400,8
S 8705820,8
L 20705408,8
S 8705920,8
L 20705410,8
S 8705828,8
L 20705418,8
S 8705928,8
L 20705400,8
S 8705a20,8
L 20705408,8
S 8705b20,8
L 20705410,8
S 8705a28,8
L 20705418,8
S 8705b28,8
L 20705400,8
S 8705830,8
L 20705408,8
S 8705930,8
L 20705410,8
S 8705838,8
L 20705418,8
S 8705938,8
L 20705400,8
S 8705a30,8
L 20705408,8
S 8705b30,8
L 20705410,8
S 8705a38,8
L 20705418,8
S 8705b38,8
L 7067c0,8
S 20705380,8
L 7067c8,8
S 20705388,8
L 7068c0,8
S 20705390,8
L 7068c8,8
S 20705398,8
L 7067d0,8
S 207053a0,8
L 7067d8,8
S 207053a8,8
L 7068d0,8
S 207053b0,8
L 7068d8,8
S 207053b8,8
L 7069c0,8
S 207053c0,8
L 7069c8,8
S 207053c8,8
L 706ac0,8
S 207053d0,8
L 706ac8,8
S 207053d8,8
L 7069d0,8
S 207053e0,8
L 7069d8,8
S 207053e8,8
L 706ad0,8
S 207053f0,8
L 706ad8,8
S 207053f8,8
L 20705400,8
S 8705c20,8
L 20705408,8
S 8705d20,8
L 20705410,8
S 8705c28,8
L 20705418,8
S 8705d28,8
L 20705400,8
S 8705e20,8
L 20705408,8
S 8705f20,8
L 20705410,8
S 8705e28,8
L 20705418,8
S 8705f28,8
L 20705400,8
S 8705c30,8
L 20705408,8
S 8705d30,8
L 20705410,8
S 8705c38,8
L 20705418,8
S 8705d38,8
L 20705400,8
S 8705e30,8
L 20705408,8
S 8705f30,8
L 20705410,8
S 8705e38,8
L 20705418,8
S 8705f38,8
L 7067e0,8
S 20705380,8
L 7067e8,8
S 20705388,8
L 7068e0,8
S 20705390,8
L 7068e8,8
S 20705398,8
L 7067f0,8
S 207053a0,8
L 7067f8,8
S 207053a8,8
L 7068f0,8
S 207053b0,8
L 7068f8,8
S 207053b8,8
L 7069e0,8
S 207053c0,8
L 7069e8,8
S 207053c8,8
L 706ae0,8
S 207053d0,8
L 706ae8,8
S 207053d8,8
L 7069f0,8
S 207053e0,8
L 7069f8,8
S 207053e8,8
L 706af0,8
S 207053f0,8
L 706af8,8
S 207053f8,8
L 20705400,8
S 8706020,8
L 20705408,8
S 8706120,8
L 20705410,8
S 8706028,8
L 20705418,8
S 8706128,8
L 20705400,8
S 8706220,8
L 20705408,8
S 8706320,8
L 20705410,8
S 8706228,8
L 20705418,8
S 8706328,8
L 20705400,8
S 8706030,8
L 20705408,8
S 8706130,8
L 20705410,8
S 8706038,8
L 20705418,8
S 8706138,8
L 20705400,8
S 8706230,8
L 20705408,8
S 8706330,8
L 20705410,8
S 8706238,8
L 20705418,8
S 8706338,8
L 706800,8
S 20705380,8
L 706808,8
S 20705388,8
L 706900,8
S 20705390,8
L 706908,8
S 20705398,8
L 706810,8
S 207053a0,8
L 706818,8
S 207053a8,8
L 706910,8
S 207053b0,8
L 706918,8
S 207053b8,8
L 706a00,8
S 207053c0,8
L 706a08,8
S 207053c8,8
L 706b00,8
S 207053d0,8
L 706b08,8
S 207053d8,8
L 706a10,8
S 207053e0,8
L 706a18,8
S 207053e8,8
L 706b10,8
S 207053f0,8
L 706b18,8
S 207053f8,8
L 20705400,8
S 8706420,8
L 20705408,8
S 8706520,8
L 20705410,8
S 8706428,8
L 20705418,8
S 8706528,8
L 20705400,8
S 8706620,8
L 20705408,8
S 8706720,8
L 20705410,8
S 8706628,8
L 20705418,8
S 8706728,8
L 20705400,8
S 8706430,8
L 20705408,8
S 8706530,8
L 20705410,8
S 8706438,8
L 20705418,8
S 8706538,8
L 20705400,8
S 8706630,8
L 20705408,8
S 8706730,8
L 20705410,8
S 8706638,8
L 20705418,8
S 8706738,8
L 706820,8
S 20705380,8
L 706828,8
S 20705388,8
L 706920,8
S 20705390,8
L 706928,8
S 20705398,8
L 706830,8
S 207053a0,8
L 706838,8
S 207053a8,8
L 706930,8
S 207053b0,8
L 706938,8
S 207053b8,8
L 706a20,8
S 207053c0,8
L 706a28,8
S 207053c8,8
L 706b20,8
S 207053d0,8
L 706b28,8
S 207053d8,8
L 706a30,8
S 207053e0,8
L 706a38,8
S 207053e8,8
L 706b30,8
S 207053f0,8
L 706b38,8
S 207053f8,8
L 20705400,8
S 8706820,8
L 20705408,8
S 8706920,8
L 20705410,8
S 8706828,8
L 20705418,8
S 8706928,8
L 20705400,8
S 8706a20,8
L 20705408,8
S 8706b20,8
L 20705410,8
S 8706a28,8
L 20705418,8
S 8706b28,8
L 20705400,8
S 8706830,8
L 20705408,8
S 8706930,8
L 20705410,8
S 8706838,8
L 20705418,8
S 8706938,8
L 20705400,8
S 8706a30,8
L 20705408,8
S 8706b30,8
L 20705410,8
S 8706a38,8
L 20705418,8
S 8706b38,8
L 706840,8
S 20705380,8
L 706848,8
S 20705388,8
L 706940,8
S 20705390,8
L 706948,8
S 20705398,8
L 706850,8
S 207053a0,8
L 706858,8
S 207053a8,8
L 706950,8
S 207053b0,8
L 706958,8
S 207053b8,8
L 706a40,8
S 207053c0,8
L 706a48,8
S 207053c8,8
L 706b40,8
S 207053d0,8
L 706b48,8
S 207053d8,8
L 706a50,8
S 207053e0,8
L 706a58,8
S 207053e8,8
L 706b50,8
S 207053f0,8
L 706b58,8
S 207053f8,8
L 20705400,8
S 8706c20,8
L 20705408,8
S 8706d20,8
L 20705410,8
S 8706c28,8
L 20705418,8
S 8706d28,8
L 20705400,8
S 8706e20,8
L 20705408,8
S 8706f20,8
L 20705410,8
S 8706e28,8
L 20705418,8
S 8706f28,8
L 20705400,8
S 8706c30,8
L 20705408,8
S 8706d30,8
L 20705410,8
S 8706c38,8
L 20705418,8
S 8706d38,8
L 20705400,8
S 8706e30,8
L 20705408,8
S 8706f30,8
L 20705410,8
S 8706e38,8
L 20705418,8
S 8706f38,8
L 706860,8
S 20705380,8
L 706868,8
S 20705388,8
L 706960,8
S 20705390,8
L 706968,8
S 20705398,8
L 706870,8
S 207053a0,8
L 706878,8
S 207053a8,8
L 706970,8
S 207053b0,8
L 706978,8
S 207053b8,8
L 706a60,8
S 207053c0,8
L 706a68,8
S 207053c8,8
L 706b60,8
S 207053d0,8
L 706b68,8
S 207053d8,8
L 706a70,8
S 207053e0,8
L 706a78,8
S 207053e8,8
L 706b70,8
S 207053f0,8
L 706b78,8
S 207053f8,8
L 20705400,8
S 8707020,8
L 20705408,8
S 8707120,8
L 20705410,8
S 8707028,8
L 20705418,8
S 8707128,8
L 20705400,8
S 8707220,8
L 20705408,8
S 8707320,8
L 20705410,8
S 8707228,8
L 20705418,8
S 8707328,8
L 20705400,8
S 8707030,8
L 20705408,8
S 8707130,8
L 20705410,8
S 8707038,8
L 20705418,8
S 8707138,8
L 20705400,8
S 8707230,8
L 20705408,8
S 8707330,8
L 20705410,8
S 8707238,8
L 20705418,8
S 8707338,8
L 706b80,8
S 20705380,8
L 706b88,8
S 20705388,8
L 706c80,8
S 20705390,8
L 706c88,8
S 20705398,8
L 706b90,8
S 207053a0,8
L 706b98,8
S 207053a8,8
L 706c90,8
S 207053b0,8
L 706c98,8
S 207053b8,8
L 706d80,8
S 207053c0,8
L 706d88,8
S 207053c8,8
L 706e80,8
S 207053d0,8
L 706e88,8
S 207053d8,8
L 706d90,8
S 207053e0,8
L 706d98,8
S 207053e8,8
L 706e90,8
S 207053f0,8
L 706e98,8
S 207053f8,8
L 20705400,8
S 8705440,8
L 20705408,8
S 8705540,8
L 20705410,8
S 8705448,8
L 20705418,8
S 8705548,8
L 20705400,8
S 8705640,8
L 20705408,8
S 8705740,8
L 20705410,8
S 8705648,8
L 20705418,8
S 8705748,8
L 20705400,8
S 8705450,8
L 20705408,8
S 8705550,8
L 20705410,8
S 8705458,8
L 20705418,8
S 8705558,8
L 20705400,8
S 8705650,8
L 20705408,8
S 8705750,8
L 20705410,8
S 8705658,8
L 20705418,8
S 8705758,8
L 706ba0,8
S 20705380,8
L 706ba8,8
S 20705388,8
L 706ca0,8
S 20705390,8
L 706ca8,8
S 20705398,8
L 706bb0,8
S 207053a0,8
L 706bb8,8
S 207053a8,8
L 706cb0,8
S 207053b0,8
L 706cb8,8
S 207053b8,8
L 706da0,8
S 207053c0,8
L 706da8,8
S 207053c8,8
L 706ea0,8
S 207053d0,8
L 706ea8,8
S 207053d8,8
L 706db0,8
S 207053e0,8
L 706db8,8
S 207053e8,8
L 706eb0,8
S 207053f0,8
L 706eb8,8
S 207053f8,8
L 20705400,8
S 8705840,8
L 20705408,8
S 8705940,8
L 20705410,8
S 8705848,8
L 20705418,8
S 8705948,8
L 20705400,8
S 8705a40,8
L 20705408,8
S 8705b40,8
L 20705410,8
S 8705a48,8
L 20705418,8
S 8705b48,8
L 20705400,8
S 8705850,8
L 20705408,8
S 8705950,8
L 20705410,8
S 8705858,8
L 20705418,8
S 8705958,8
L 20705400,8
S 8705a50,8
L 20705408,8
S 8705b50,8
L 20705410,8
S 8705a58,8
L 20705418,8
S 8705b58,8
L 706bc0,8
S 20705380,8
L 706bc8,8
S 20705388,8
L 706cc0,8
S 20705390,8
L 706cc8,8
S 20705398,8
L 706bd0,8
S 207053a0,8
L 706bd8,8
S 207053a8,8
L 706cd0,8
S 207053b0,8
L 706cd8,8
S 207053b8,8
L 706dc0,8
S 207053c0,8
L 706dc8,8
S 207053c8,8
L 706ec0,8
S 207053d0,8
L 706ec8,8
S 207053d8,8
L 706dd0,8
S 207053e0,8
L 706dd8,8
S 207053e8,8
L 706ed0,8
S 207053f0,8
L 706ed8,8
S 207053f8,8
L 20705400,8
S 8705c40,8
L 20705408,8
S 8705d40,8
L 20705410,8
S 8705c48,8
L 20705418,8
S 8705d48,8
L 20705400,8
S 8705e40,8
L 20705408,8
S 8705f40,8
L 20705410,8
S 8705e48,8
L 20705418,8
S 8705f48,8
L 20705400,8
S 8705c50,8
L 20705408,8
S 8705d50,8
L 20705410,8
S 8705c58,8
L 20705418,8
S 8705d58,8
L 20705400,8
S 8705e50,8
L 20705408,8
S 8705f50,8
L 20705410,8
S 8705e58,8
L 20705418,8
S 8705f58,8
L 706be0,8
S 20705380,8
L 706be8,8
S 20705388,8
L 706ce0,8
S 20705390,8
L 706ce8,8
S 20705398,8
L 706bf0,8
S 207053a0,8
L 706bf8,8
S 207053a8,8
L 706cf0,8
S 207053b0,8
L 706cf8,8
S 207053b8,8
L 706de0,8
S 207053c0,8
L 706de8,8
S 207053c8,8
L 706ee0,8
S 207053d0,8
L 706ee8,8
S 207053d8,8
L 706df0,8
S 207053e0,8
L 706df8,8
S 207053e8,8
L 706ef0,8
S 207053f0,8
L 706ef8,8
S 207053f8,8
L 20705400,8
S 8706040,8
L 20705408,8
S 8706140,8
L 20705410,8
S 8706048,8
L 20705418,8
S 8706148,8
L 20705400,8
S 8706240,8
L 20705408,8
S 8706340,8
L 20705410,8
S 8706248,8
L 20705418,8
S 8706348,8
L 20705400,8
S 8706050,8
L 20705408,8
S 8706150,8
L 20705410,8
S 8706058,8
L 20705418,8
S 8706158,8
L 20705400,8
S 8706250,8
L 20705408,8
S 8706350,8
L 20705410,8
S 8706258,8
L 20705418,8
S 8706358,8
L 706c00,8
S 20705380,8
L 706c08,8
S 20705388,8
L 706d00,8
S 20705390,8
L 706d08,8
S 20705398,8
L 706c10,8
S 207053a0,8
L 706c18,8
S 207053a8,8
L 706d10,8
S 207053b0,8
L 706d18,8
S 207053b8,8
L 706e00,8
S 207053c0,8
L 706e08,8
S 207053c8,8
L 706f00,8
S 207053d0,8
L 706f08,8
S 207053d8,8
L 706e10,8
S 207053e0,8
L 706e18,8
S 207053e8,8
L 706f10,8
S 207053f0,8
L 706f18,8
S 207053f8,8
L 20705400,8
S 8706440,8
L 20705408,8
S 8706540,8
L 20705410,8
S 8706448,8
L 20705418,8
S 8706548,8
L 20705400,8
S 8706640,8
L 20705408,8
S 8706740,8
L 20705410,8
S 8706648,8
L 20705418,8
S 8706748,8
L 20705400,8
S 8706450,8
L 20705408,8
S 8706550,8
L 20705410,8
S 8706458,8
L 20705418,8
S 8706558,8
L 20705400,8
S 8706650,8
L 20705408,8
S 8706750,8
L 20705410,8
S 8706658,8
L 20705418,8
S 8706758,8
L 706c20,8
S 20705380,8
L 706c28,8
S 20705388,8
L 706d20,8
S 20705390,8
L 706d28,8
S 20705398,8
L 706c30,8
S 207053a0,8
L 706c38,8
S 207053a8,8
L 706d30,8
S 207053b0,8
L 706d38,8
S 207053b8,8
L 706e20,8
S 207053c0,8
L 706e28,8
S 207053c8,8
L 706f20,8
S 207053d0,8
L 706f28,8
S 207053d8,8
L 706e30,8
S 207053e0,8
L 706e38,8
S 207053e8,8
L 706f30,8
S 207053f0,8
L 706f38,8
S 207053f8,8
L 20705400,8
S 8706840,8
L 20705408,8
S 8706940,8
L 20705410,8
S 8706848,8
L 20705418,8
S 8706948,8
L 20705400,8
S 8706a40,8
L 20705408,8
S 8706b40,8
L 20705410,8
S 8706a48,8
L 20705418,8
S 8706b48,8
L 20705400,8
S 8706850,8
L 20705408,8
S 8706950,8
L 20705410,8
S 8706858,8
L 20705418,8
S 8706958,8
L 20705400,8
S 8706a50,8
L 20705408,8
S 8706b50,8
L 20705410,8
S 8706a58,8
L 20705418,8
S 8706b58,8
L 706c40,8
S 20705380,8
L 706c48,8
S 20705388,8
L 706d40,8
S 20705390,8
L 706d48,8
S 20705398,8
L 706c50,8
S 207053a0,8
L 706c58,8
S 207053a8,8
L 706d50,8
S 207053b0,8
L 706d58,8
S 207053b8,8
L 706e40,8
S 207053c0,8
L 706e48,8
S 207053c8,8
L 706f40,8
S 207053d0,8
L 706f48,8
S 207053d8,8
L 706e50,8
S 207053e0,8
L 706e58,8
S 207053e8,8
L 706f50,8
S 207053f0,8
L 706f58,8
S 207053f8,8
L 20705400,8
S 8706c40,8
L 20705408,8
S 8706d40,8
L 20705410,8
S 8706c48,8
L 20705418,8
S 8706d48,8
L 20705400,8
S 8706e40,8
L 20705408,8
S 8706f40,8
L 20705410,8
S 8706e48,8
L 20705418,8
S 8706f48,8
L 20705400,8
S 8706c50,8
L 20705408,8
S 8706d50,8
L 20705410,8
S 8706c58,8
L 20705418,8
S 8706d58,8
L 20705400,8
S 8706e50,8
L 20705408,8
S 8706f50,8
L 20705410,8
S 8706e58,8
L 20705418,8
S 8706f58,8
L 706c60,8
S 20705380,8
L 706c68,8
S 20705388,8
L 706d60,8
S 20705390,8
L 706d68,8
S 20705398,8
L 706c70,8
S 207053a0,8
L 706c78,8
S 207053a8,8
L 706d70,8
S 207053b0,8
L 706d78,8
S 207053b8,8
L 706e60,8
S 207053c0,8
L 706e68,8
S 207053c8,8
L 706f60,8
S 207053d0,8
L 706f68,8
S 207053d8,8
L 706e70,8
S 207053e0,8
L 706e78,8
S 207053e8,8
L 706f70,8
S 207053f0,8
L 706f78,8
S 207053f8,8
L 20705400,8
S 8707040,8
L 20705408,8
S 8707140,8
L 20705410,8
S 8707048,8
L 20705418,8
S 8707148,8
L 20705400,8
S 8707240,8
L 20705408,8
S 8707340,8
L 20705410,8
S 8707248,8
L 20705418,8
S 8707348,8
L 20705400,8
S 8707050,8
L 20705408,8
S 8707150,8
L 20705410,8
S 8707058,8
L 20705418,8
S 8707158,8
L 20705400,8
S 8707250,8
L 20705408,8
S 8707350,8
L 20705410,8
S 8707258,8
L 20705418,8
S 8707358,8
L 706f80,8
S 20705380,8
L 706f88,8
S 20705388,8
L 707080,8
S 20705390,8
L 707088,8
S 20705398,8
L 706f90,8
S 207053a0,8
L 706f98,8
S 207053a8,8
L 707090,8
S 207053b0,8
L 707098,8
S 207053b8,8
L 707180,8
S 207053c0,8
L 707188,8
S 207053c8,8
L 707280,8
S 207053d0,8
L 707288,8
S 207053d8,8
L 707190,8
S 207053e0,8
L 707198,8
S 207053e8,8
L 707290,8
S 207053f0,8
L 707298,8
S 207053f8,8
L 20705400,8
S 8705460,8
L 20705408,8
S 8705560,8
L 20705410,8
S 8705468,8
L 20705418,8
S 8705568,8
L 20705400,8
S 8705660,8
L 20705408,8
S 8705760,8
L 20705410,8
S 8705668,8
L 20705418,8
S 8705768,8
L 20705400,8
S 8705470,8
L 20705408,8
S 8705570,8
L 20705410,8
S 8705478,8
L 20705418,8
S 8705578,8
L 20705400,8
S 8705670,8
L 20705408,8
S 8705770,8
L 20705410,8
S 8705678,8
L 20705418,8
S 8705778,8
L 706fa0,8
S 20705380,8
L 706fa8,8
S 20705388,8
L 7070a0,8
S 20705390,8
L 7070a8,8
S 20705398,8
L 706fb0,8
S 207053a0,8
L 706fb8,8
S 207053a8,8
L 7070b0,8
S 207053b0,8
L 7070b8,8
S 207053b8,8
L 7071a0,8
S 207053c0,8
L 7071a8,8
S 207053c8,8
L 7072a0,8
S 207053d0,8
L 7072a8,8
S 207053d8,8
L 7071b0,8
S 207053e0,8
L 7071b8,8
S 207053e8,8
L 7072b0,8
S 207053f0,8
L 7072b8,8
S 207053f8,8
L 20705400,8
S 8705860,8
L 20705408,8
S 8705960,8
L 20705410,8
S 8705868,8
L 20705418,8
S 8705968,8
L 20705400,8
S 8705a60,8
L 20705408,8
S 8705b60,8
L 20705410,8
S 8705a68,8
L 20705418,8
S 8705b68,8
L 20705400,8
S 8705870,8
L 20705408,8
S 8705970,8
L 20705410,8
S 8705878,8
L 20705418,8
S 8705978,8
L 20705400,8
S 8705a70,8
L 20705408,8
S 8705b70,8
L 20705410,8
S 8705a78,8
L 20705418,8
S 8705b78,8
L 706fc0,8
S 20705380,8
L 706fc8,8
S 20705388,8
L 7070c0,8
S 20705390,8
L 7070c8,8
S 20705398,8
L 706fd0,8
S 207053a0,8
L 706fd8,8
S 207053a8,8
L 7070d0,8
S 207053b0,8
L 7070d8,8
S 207053b8,8
L 7071c0,8
S 207053c0,8
L 7071c8,8
S 207053c8,8
L 7072c0,8
S 207053d0,8
L 7072c8,8
S 207053d8,8
L 7071d0,8
S 207053e0,8
L 7071d8,8
S 207053e8,8
L 7072d0,8
S 207053f0,8
L 7072d8,8
S 207053f8,8
L 20705400,8
S 8705c60,8
L 20705408,8
S 8705d60,8
L 20705410,8
S 8705c68,8
L 20705418,8
S 8705d68,8
L 20705400,8
S 8705e60,8
L 20705408,8
S 8705f60,8
L 20705410,8
S 8705e68,8
L 20705418,8
S 8705f68,8
L 20705400,8
S 8705c70,8
L 20705408,8
S 8705d70,8
L 20705410,8
S 8705c78,8
L 20705418,8
S 8705d78,8
L 20705400,8
S 8705e70,8
L 20705408,8
S 8705f70,8
L 20705410,8
S 8705e78,8
L 20705418,8
S 8705f78,8
L 706fe0,8
S 20705380,8
L 706fe8,8
S 20705388,8
L 7070e0,8
S 20705390,8
L 7070e8,8
S 20705398,8
L 706ff0,8
S 207053a0,8
L 706ff8,8
S 207053a8,8
L 7070f0,8
S 207053b0,8
L 7070f8,8
S 207053b8,8
L 7071e0,8
S 207053c0,8
L 7071e8,8
S 207053c8,8
L 7072e0,8
S 207053d0,8
L 7072e8,8
S 207053d8,8
L 7071f0,8
S 207053e0,8
L 7071f8,8
S 207053e8,8
L 7072f0,8
S 207053f0,8
L 7072f8,8
S 207053f8,8
L 20705400,8
S 8706060,8
L 20705408,8
S 8706160,8
L 20705410,8
S 8706068,8
L 20705418,8
S 8706168,8
L 20705400,8
S 8706260,8
L 20705408,8
S 8706360,8
L 20705410,8
S 8706268,8
L 20705418,8
S 8706368,8
L 20705400,8
S 8706070,8
L 20705408,8
S 8706170,8
L 20705410,8
S 8706078,8
L 20705418,8
S 8706178,8
L 20705400,8
S 8706270,8
L 20705408,8
S 8706370,8
L 20705410,8
S 8706278,8
L 20705418,8
S 8706378,8
L 707000,8
S 20705380,8
L 707008,8
S 20705388,8
L 707100,8
S 20705390,8
L 707108,8
S 20705398,8
L 707010,8
S 207053a0,8
L 707018,8
S 207053a8,8
L 707110,8
S 207053b0,8
L 707118,8
S 207053b8,8
L 707200,8
S 207053c0,8
L 707208,8
S 207053c8,8
L 707300,8
S 207053d0,8
L 707308,8
S 207053d8,8
L 707210,8
S 207053e0,8
L 707218,8
S 207053e8,8
L 707310,8
S 207053f0,8
L 707318,8
S 207053f8,8
L 20705400,8
S 8706460,8
L 20705408,8
S 8706560,8
L 20705410,8
S 8706468,8
L 20705418,8
S 8706568,8
L 20705400,8
S 8706660,8
L 20705408,8
S 8706760,8
L 20705410,8
S 8706668,8
L 20705418,8
S 8706768,8
L 20705400,8
S 8706470,8
L 20705408,8
S 8706570,8
L 20705410,8
S 8706478,8
L 20705418,8
S 8706578,8
L 20705400,8
S 8706670,8
L 20705408,8
S 8706770,8
L 20705410,8
S 8706678,8
L 20705418,8
S 8706778,8
L 707020,8
S 20705380,8
L 707028,8
S 20705388,8
L 707120,8
S 20705390,8
L 707128,8
S 20705398,8
L 707030,8
S 207053a0,8
L 707038,8
S 207053a8,8
L 707130,8
S 207053b0,8
L 707138,8
S 207053b8,8
L 707220,8
S 207053c0,8
L 707228,8
S 207053c8,8
L 707320,8
S 207053d0,8
L 707328,8
S 207053d8,8
L 707230,8
S 207053e0,8
L 707238,8
S 207053e8,8
L 707330,8
S 207053f0,8
L 707338,8
S 207053f8,8
L 20705400,8
S 8706860,8
L 20705408,8
S 8706960,8
L 20705410,8
S 8706868,8
L 20705418,8
S 8706968,8
L 20705400,8
S 8706a60,8
L 20705408,8
S 8706b60,8
L 20705410,8
S 8706a68,8
L 20705418,8
S 8706b68,8
L 20705400,8
S 8706870,8
L 20705408,8
S 8706970,8
L 20705410,8
S 8706878,8
L 20705418,8
S 8706978,8
L 20705400,8
S 8706a70,8
L 20705408,8
S 8706b70,8
L 20705410,8
S 8706a78,8
L 20705418,8
S 8706b78,8
L 707040,8
S 20705380,8
L 707048,8
S 20705388,8
L 707140,8
S 20705390,8
L 707148,8
S 20705398,8
L 707050,8
S 207053a0,8
L 707058,8
S 207053a8,8
L 707150,8
S 207053b0,8
L 707158,8
S 207053b8,8
L 707240,8
S 207053c0,8
L 707248,8
S 207053c8,8
L 707340,8
S 207053d0,8
L 707348,8
S 207053d8,8
L 707250,8
S 207053e0,8
L 707258,8
S 207053e8,8
L 707350,8
S 207053f0,8
L 707358,8
S 207053f8,8
L 20705400,8
S 8706c60,8
L 20705408,8
S 8706d60,8
L 20705410,8
S 8706c68,8
L 20705418,8
S 8706d68,8
L 20705400,8
S 8706e60,8
L 20705408,8
S 8706f60,8
L 20705410,8
S 8706e68,8
L 20705418,8
S 8706f68,8
L 20705400,8
S 8706c70,8
L 20705408,8
S 8706d70,8
L 20705410,8
S 8706c78,8
L 20705418,8
S 8706d78,8
L 20705400,8
S 8706e70,8
L 20705408,8
S 8706f70,8
L 20705410,8
S 8706e78,8
L 20705418,8
S 8706f78,8
L 707060,8
S 20705380,8
L 707068,8
S 20705388,8
L 707160,8
S 20705390,8
L 707168,8
S 20705398,8
L 707070,8
S 207053a0,8
L 707078,8
S 207053a8,8
L 707170,8
S 207053b0,8
L 707178,8
S 207053b8,8
L 707260,8
S 207053c0,8
L 707268,8
S 207053c8,8
L 707360,8
S 207053d0,8
L 707368,8
S 207053d8,8
L 707270,8
S 207053e0,8
L 707278,8
S 207053e8,8
L 707370,8
S 207053f0,8
L 707378,8
S 207053f8,8
L 20705400,8
S 8707060,8
L 20705408,8
S 8707160,8
L 20705410,8
S 8707068,8
L 20705418,8
S 8707168,8
L 20705400,8
S 8707260,8
L 20705408,8
S 8707360,8
L 20705410,8
S 8707268,8
L 20705418,8
S 8707368,8
L 20705400,8
S 8707070,8
L 20705408,8
S 8707170,8
L 20705410,8
S 8707078,8
L 20705418,8
S 8707178,8
L 20705400,8
S 8707270,8
L 20705408,8
S 8707370,8
L 20705410,8
S 8707278,8
L 20705418,8
S 8707378,8
